    ======  ======
    Time:6/19/2020 8:51:14 AM
    Title: Initiate log
    Message: 
    Time:6/19/2020 8:51:14 AM
    Title: Initiate InternalManager
    Message: Trying to Validate License
    Time:6/19/2020 8:51:14 AM
    Title: Requesting EVT
    Message: EVTP
    Time:6/19/2020 8:51:14 AM
    Title: Requesting Validation
    Message: ILMValidate
    Time:6/19/2020 8:51:14 AM
    Title: LICENSER
    Message: TRL MODE
    Time:6/19/2020 8:51:14 AM
    Title: LICENSER
    Message: DS LEFT-239
    Time:6/19/2020 8:51:14 AM
    Title: LICENSER
    Message: DT MARK PASSED-239.00:00:00
    Time:6/19/2020 8:51:14 AM
    Title: ILMValidate action
    Message: LIC
    Time:6/19/2020 8:51:15 AM
    Title: Access to the path 'C:\ProgramData\Telerik\Hash.lic' is denied.
    Message:    at System.IO.__Error.WinIOError(Int32 errorCode, String maybeFullPath)
   at System.IO.FileStream.Init(String path, FileMode mode, FileAccess access, Int32 rights, Boolean useRights, FileShare share, Int32 bufferSize, FileOptions options, SECURITY_ATTRIBUTES secAttrs, String msgPath, Boolean bFromProxy, Boolean useLongPath, Boolean checkHost)
   at System.IO.FileStream..ctor(String path, FileMode mode, FileAccess access, FileShare share)
   at Telerik.Licensing.Licenser.ReadHashPass()
    Time:6/19/2020 8:51:15 AM
    Title: LICENSER - TGO
    Message: Start
    Time:6/19/2020 8:51:16 AM
    Title: LICENSER - TGO
    Message: Object reference not set to an instance of an object.
    Entering constructor for: Telerik.CommonPackage.VSPackage
    Entering Initialize() of: Telerik.CommonPackage.VSPackage
    Product creation from registry failed for:HKEY_LOCAL_MACHINE\Software\Telerik\Reporting\Net4.0
    Install dir: 
    Version: 
    Product creation from registry failed for:HKEY_LOCAL_MACHINE\Software\Telerik\Reporting\R3 2019
    Install dir: 
    Version: 
    No Telerik Reporting products found in registry
    TR: Assembly resolution failed: Telerik.JustMock.VS2017.Implementation
    Entering constructor for: Telerik.VSX.UserSettingsPackage.UserSettingsPackage
    Entering Initialize() of: Telerik.VSX.UserSettingsPackage.UserSettingsPackage
    Entering constructor for: Telerik.Blazor.VSPackage.VsPackage
    Entering constructor for: Telerik.Blazor.VSPackage.VsPackage
    Entering Initialize() for: Telerik.Blazor.VSPackage.VsPackage
    Entering constructor for: Telerik.WinControls.VSPackage.VSPackage
    Entering Initialize() for: Telerik.WinControls.VSPackage.VSPackage
    Entering constructor for: Telerik.Windows.WPF.VSPackage.VSPackage
    Entering Initialize() for: Telerik.Windows.WPF.VSPackage.VSPackage
    Entering constructor for: Telerik.Web.UI.VSPackage.VSPackage
    Entering Initialize() for: Telerik.Web.UI.VSPackage.VSPackage
    Entering constructor for: Telerik.KendoUI.ASP.NET.Core.VSPackage.VsPackage
    Entering constructor for: Telerik.KendoUI.ASP.NET.Core.VSPackage.VsPackage
    Entering Initialize() for: Telerik.KendoUI.ASP.NET.Core.VSPackage.VsPackage
    Entering constructor for: Telerik.KendoUI.Mvc.VSPackage.VsPackage
    Entering constructor for: Telerik.KendoUI.Mvc.VSPackage.VsPackage
    Entering Initialize() for: Telerik.KendoUI.Mvc.VSPackage.VsPackage
    TR: Assembly resolution failed: Telerik.VSX.2020.2.612.1.XmlSerializers, Version=2020.2.612.1, Culture=neutral, PublicKeyToken=0dfdc51bd06071b4
    TR: Assembly resolution failed: Telerik.JustMock.AddIn.XmlSerializers, Version=2019.3.910.4, Culture=neutral, PublicKeyToken=602a9bfd8c8c4ad7
    TS:Registry store: user registry root "HKEY_CURRENT_USER\Software\Microsoft\VisualStudio\16.0_521fcbe9"
    TS:Registry store: config registry root "HKEY_CURRENT_USER\Software\Microsoft\VisualStudio\16.0_521fcbe9_Config"
    TS:Unknown property name: isInString
Telerik.JustMock.AddIn.XmlSerializers, Version=2019.3.910.4, Culture=neutral, PublicKeyToken=602a9bfd8c8c4ad7
